{"C:\\Users\\user\\Desktop\\YaPracHW\\dev\\stellar-burgers\\src\\services\\slices\\constructorSlice.ts": {"path":"C:\\Users\\user\\Desktop\\YaPracHW\\dev\\stellar-burgers\\src\\services\\slices\\constructorSlice.ts","all":false,"statementMap":{"0":{"start":{"line":1,"column":0},"end":{"line":1,"column":38}},"1":{"start":{"line":2,"column":0},"end":{"line":2,"column":85}},"2":{"start":{"line":3,"column":0},"end":{"line":3,"column":0}},"3":{"start":{"line":4,"column":0},"end":{"line":4,"column":13}},"4":{"start":{"line":5,"column":0},"end":{"line":5,"column":25}},"5":{"start":{"line":6,"column":0},"end":{"line":6,"column":20}},"6":{"start":{"line":7,"column":0},"end":{"line":7,"column":14}},"7":{"start":{"line":8,"column":0},"end":{"line":8,"column":9}},"8":{"start":{"line":9,"column":0},"end":{"line":9,"column":22}},"9":{"start":{"line":10,"column":0},"end":{"line":10,"column":0}},"10":{"start":{"line":11,"column":0},"end":{"line":11,"column":44}},"11":{"start":{"line":12,"column":0},"end":{"line":12,"column":28}},"12":{"start":{"line":13,"column":0},"end":{"line":13,"column":47}},"13":{"start":{"line":14,"column":0},"end":{"line":14,"column":78}},"14":{"start":{"line":15,"column":0},"end":{"line":15,"column":74}},"15":{"start":{"line":16,"column":0},"end":{"line":16,"column":0}},"16":{"start":{"line":17,"column":0},"end":{"line":17,"column":15}},"17":{"start":{"line":18,"column":0},"end":{"line":18,"column":47}},"18":{"start":{"line":19,"column":0},"end":{"line":19,"column":5}},"19":{"start":{"line":20,"column":0},"end":{"line":20,"column":0}},"20":{"start":{"line":21,"column":0},"end":{"line":21,"column":88}},"21":{"start":{"line":22,"column":0},"end":{"line":22,"column":0}},"22":{"start":{"line":23,"column":0},"end":{"line":23,"column":56}},"23":{"start":{"line":24,"column":0},"end":{"line":24,"column":22}},"24":{"start":{"line":25,"column":0},"end":{"line":25,"column":3}},"25":{"start":{"line":26,"column":0},"end":{"line":26,"column":2}},"26":{"start":{"line":27,"column":0},"end":{"line":27,"column":0}},"27":{"start":{"line":28,"column":0},"end":{"line":28,"column":31}},"28":{"start":{"line":29,"column":0},"end":{"line":29,"column":38}},"29":{"start":{"line":30,"column":0},"end":{"line":30,"column":24}},"30":{"start":{"line":31,"column":0},"end":{"line":31,"column":32}},"31":{"start":{"line":32,"column":0},"end":{"line":32,"column":23}},"32":{"start":{"line":33,"column":0},"end":{"line":33,"column":2}},"33":{"start":{"line":34,"column":0},"end":{"line":34,"column":0}},"34":{"start":{"line":35,"column":0},"end":{"line":35,"column":46}},"35":{"start":{"line":36,"column":0},"end":{"line":36,"column":21}},"36":{"start":{"line":37,"column":0},"end":{"line":37,"column":14}},"37":{"start":{"line":38,"column":0},"end":{"line":38,"column":20}},"38":{"start":{"line":39,"column":0},"end":{"line":39,"column":4}},"39":{"start":{"line":40,"column":0},"end":{"line":40,"column":22}},"40":{"start":{"line":41,"column":0},"end":{"line":41,"column":23}},"41":{"start":{"line":42,"column":0},"end":{"line":42,"column":14}},"42":{"start":{"line":43,"column":0},"end":{"line":43,"column":2}},"43":{"start":{"line":44,"column":0},"end":{"line":44,"column":0}},"44":{"start":{"line":45,"column":0},"end":{"line":45,"column":45}},"45":{"start":{"line":46,"column":0},"end":{"line":46,"column":22}},"46":{"start":{"line":47,"column":0},"end":{"line":47,"column":15}},"47":{"start":{"line":48,"column":0},"end":{"line":48,"column":13}},"48":{"start":{"line":49,"column":0},"end":{"line":49,"column":20}},"49":{"start":{"line":50,"column":0},"end":{"line":50,"column":46}},"50":{"start":{"line":51,"column":0},"end":{"line":51,"column":60}},"51":{"start":{"line":52,"column":0},"end":{"line":52,"column":9}},"52":{"start":{"line":53,"column":0},"end":{"line":53,"column":74}},"53":{"start":{"line":54,"column":0},"end":{"line":54,"column":42}},"54":{"start":{"line":55,"column":0},"end":{"line":55,"column":0}},"55":{"start":{"line":56,"column":0},"end":{"line":56,"column":40}},"56":{"start":{"line":57,"column":0},"end":{"line":57,"column":50}},"57":{"start":{"line":58,"column":0},"end":{"line":58,"column":17}},"58":{"start":{"line":59,"column":0},"end":{"line":59,"column":9}},"59":{"start":{"line":60,"column":0},"end":{"line":60,"column":0}},"60":{"start":{"line":61,"column":0},"end":{"line":61,"column":60}},"61":{"start":{"line":62,"column":0},"end":{"line":62,"column":8}},"62":{"start":{"line":63,"column":0},"end":{"line":63,"column":6}},"63":{"start":{"line":64,"column":0},"end":{"line":64,"column":65}},"64":{"start":{"line":65,"column":0},"end":{"line":65,"column":67}},"65":{"start":{"line":66,"column":0},"end":{"line":66,"column":6}},"66":{"start":{"line":67,"column":0},"end":{"line":67,"column":85}},"67":{"start":{"line":68,"column":0},"end":{"line":68,"column":42}},"68":{"start":{"line":69,"column":0},"end":{"line":69,"column":55}},"69":{"start":{"line":70,"column":0},"end":{"line":70,"column":0}},"70":{"start":{"line":71,"column":0},"end":{"line":71,"column":41}},"71":{"start":{"line":72,"column":0},"end":{"line":72,"column":15}},"72":{"start":{"line":73,"column":0},"end":{"line":73,"column":7}},"73":{"start":{"line":74,"column":0},"end":{"line":74,"column":0}},"74":{"start":{"line":75,"column":0},"end":{"line":75,"column":48}},"75":{"start":{"line":76,"column":0},"end":{"line":76,"column":37}},"76":{"start":{"line":77,"column":0},"end":{"line":77,"column":6}},"77":{"start":{"line":78,"column":0},"end":{"line":78,"column":34}},"78":{"start":{"line":79,"column":0},"end":{"line":79,"column":32}},"79":{"start":{"line":80,"column":0},"end":{"line":80,"column":18}},"80":{"start":{"line":81,"column":0},"end":{"line":81,"column":24}},"81":{"start":{"line":82,"column":0},"end":{"line":82,"column":8}},"82":{"start":{"line":83,"column":0},"end":{"line":83,"column":6}},"83":{"start":{"line":84,"column":0},"end":{"line":84,"column":33}},"84":{"start":{"line":85,"column":0},"end":{"line":85,"column":34}},"85":{"start":{"line":86,"column":0},"end":{"line":86,"column":33}},"86":{"start":{"line":87,"column":0},"end":{"line":87,"column":6}},"87":{"start":{"line":88,"column":0},"end":{"line":88,"column":4}},"88":{"start":{"line":89,"column":0},"end":{"line":89,"column":31}},"89":{"start":{"line":90,"column":0},"end":{"line":90,"column":11}},"90":{"start":{"line":91,"column":0},"end":{"line":91,"column":48}},"91":{"start":{"line":92,"column":0},"end":{"line":92,"column":34}},"92":{"start":{"line":93,"column":0},"end":{"line":93,"column":27}},"93":{"start":{"line":94,"column":0},"end":{"line":94,"column":8}},"94":{"start":{"line":95,"column":0},"end":{"line":95,"column":58}},"95":{"start":{"line":96,"column":0},"end":{"line":96,"column":35}},"96":{"start":{"line":97,"column":0},"end":{"line":97,"column":46}},"97":{"start":{"line":98,"column":0},"end":{"line":98,"column":34}},"98":{"start":{"line":99,"column":0},"end":{"line":99,"column":20}},"99":{"start":{"line":100,"column":0},"end":{"line":100,"column":26}},"100":{"start":{"line":101,"column":0},"end":{"line":101,"column":10}},"101":{"start":{"line":102,"column":0},"end":{"line":102,"column":8}},"102":{"start":{"line":103,"column":0},"end":{"line":103,"column":57}},"103":{"start":{"line":104,"column":0},"end":{"line":104,"column":35}},"104":{"start":{"line":105,"column":0},"end":{"line":105,"column":21}},"105":{"start":{"line":106,"column":0},"end":{"line":106,"column":44}},"106":{"start":{"line":107,"column":0},"end":{"line":107,"column":28}},"107":{"start":{"line":108,"column":0},"end":{"line":108,"column":68}},"108":{"start":{"line":109,"column":0},"end":{"line":109,"column":9}},"109":{"start":{"line":110,"column":0},"end":{"line":110,"column":4}},"110":{"start":{"line":111,"column":0},"end":{"line":111,"column":3}},"111":{"start":{"line":112,"column":0},"end":{"line":112,"column":0}},"112":{"start":{"line":113,"column":0},"end":{"line":113,"column":14}},"113":{"start":{"line":114,"column":0},"end":{"line":114,"column":16}},"114":{"start":{"line":115,"column":0},"end":{"line":115,"column":19}},"115":{"start":{"line":116,"column":0},"end":{"line":116,"column":17}},"116":{"start":{"line":117,"column":0},"end":{"line":117,"column":19}},"117":{"start":{"line":118,"column":0},"end":{"line":118,"column":18}},"118":{"start":{"line":119,"column":0},"end":{"line":119,"column":29}},"119":{"start":{"line":120,"column":0},"end":{"line":120,"column":0}},"120":{"start":{"line":121,"column":0},"end":{"line":121,"column":59}}},"s":{"0":1,"1":1,"2":1,"3":1,"4":1,"5":1,"6":1,"7":1,"8":1,"9":1,"10":1,"11":1,"12":1,"13":4,"14":4,"15":4,"16":4,"17":1,"18":1,"19":3,"20":3,"21":3,"22":3,"23":2,"24":2,"25":1,"26":1,"27":1,"28":1,"29":1,"30":1,"31":1,"32":1,"33":1,"34":1,"35":1,"36":1,"37":1,"38":1,"39":1,"40":1,"41":1,"42":1,"43":1,"44":1,"45":1,"46":1,"47":1,"48":1,"49":1,"50":17,"51":1,"52":1,"53":16,"54":16,"55":16,"56":6,"57":6,"58":6,"59":10,"60":10,"61":1,"62":1,"63":1,"64":1,"65":1,"66":1,"67":2,"68":2,"69":2,"70":2,"71":1,"72":1,"73":1,"74":1,"75":1,"76":1,"77":1,"78":1,"79":1,"80":1,"81":1,"82":1,"83":1,"84":1,"85":1,"86":1,"87":1,"88":1,"89":1,"90":1,"91":5,"92":5,"93":1,"94":1,"95":3,"96":3,"97":3,"98":3,"99":3,"100":3,"101":1,"102":1,"103":5,"104":5,"105":5,"106":5,"107":5,"108":1,"109":1,"110":1,"111":1,"112":1,"113":1,"114":1,"115":1,"116":1,"117":1,"118":1,"119":1,"120":1},"branchMap":{"0":{"type":"branch","line":13,"loc":{"start":{"line":13,"column":2},"end":{"line":25,"column":3}},"locations":[{"start":{"line":13,"column":2},"end":{"line":25,"column":3}}]},"1":{"type":"branch","line":17,"loc":{"start":{"line":17,"column":14},"end":{"line":19,"column":5}},"locations":[{"start":{"line":17,"column":14},"end":{"line":19,"column":5}}]},"2":{"type":"branch","line":20,"loc":{"start":{"line":20,"column":-1},"end":{"line":23,"column":56}},"locations":[{"start":{"line":20,"column":-1},"end":{"line":23,"column":56}}]},"3":{"type":"branch","line":24,"loc":{"start":{"line":24,"column":-1},"end":{"line":25,"column":3}},"locations":[{"start":{"line":24,"column":-1},"end":{"line":25,"column":3}}]},"4":{"type":"branch","line":21,"loc":{"start":{"line":21,"column":58},"end":{"line":21,"column":76}},"locations":[{"start":{"line":21,"column":58},"end":{"line":21,"column":76}}]},"5":{"type":"branch","line":50,"loc":{"start":{"line":50,"column":15},"end":{"line":52,"column":8}},"locations":[{"start":{"line":50,"column":15},"end":{"line":52,"column":8}}]},"6":{"type":"branch","line":53,"loc":{"start":{"line":53,"column":15},"end":{"line":62,"column":7}},"locations":[{"start":{"line":53,"column":15},"end":{"line":62,"column":7}}]},"7":{"type":"branch","line":56,"loc":{"start":{"line":56,"column":39},"end":{"line":59,"column":9}},"locations":[{"start":{"line":56,"column":39},"end":{"line":59,"column":9}}]},"8":{"type":"branch","line":60,"loc":{"start":{"line":60,"column":-1},"end":{"line":62,"column":7}},"locations":[{"start":{"line":60,"column":-1},"end":{"line":62,"column":7}}]},"9":{"type":"branch","line":64,"loc":{"start":{"line":64,"column":22},"end":{"line":66,"column":5}},"locations":[{"start":{"line":64,"column":22},"end":{"line":66,"column":5}}]},"10":{"type":"branch","line":67,"loc":{"start":{"line":67,"column":20},"end":{"line":77,"column":5}},"locations":[{"start":{"line":67,"column":20},"end":{"line":77,"column":5}}]},"11":{"type":"branch","line":71,"loc":{"start":{"line":71,"column":40},"end":{"line":77,"column":5}},"locations":[{"start":{"line":71,"column":40},"end":{"line":77,"column":5}}]},"12":{"type":"branch","line":78,"loc":{"start":{"line":78,"column":22},"end":{"line":83,"column":5}},"locations":[{"start":{"line":78,"column":22},"end":{"line":83,"column":5}}]},"13":{"type":"branch","line":84,"loc":{"start":{"line":84,"column":21},"end":{"line":87,"column":5}},"locations":[{"start":{"line":84,"column":21},"end":{"line":87,"column":5}}]},"14":{"type":"branch","line":89,"loc":{"start":{"line":89,"column":17},"end":{"line":110,"column":3}},"locations":[{"start":{"line":89,"column":17},"end":{"line":110,"column":3}}]},"15":{"type":"branch","line":91,"loc":{"start":{"line":91,"column":36},"end":{"line":94,"column":7}},"locations":[{"start":{"line":91,"column":36},"end":{"line":94,"column":7}}]},"16":{"type":"branch","line":95,"loc":{"start":{"line":95,"column":38},"end":{"line":102,"column":7}},"locations":[{"start":{"line":95,"column":38},"end":{"line":102,"column":7}}]},"17":{"type":"branch","line":103,"loc":{"start":{"line":103,"column":37},"end":{"line":109,"column":7}},"locations":[{"start":{"line":103,"column":37},"end":{"line":109,"column":7}}]},"18":{"type":"branch","line":107,"loc":{"start":{"line":107,"column":12},"end":{"line":107,"column":28}},"locations":[{"start":{"line":107,"column":12},"end":{"line":107,"column":28}}]},"19":{"type":"branch","line":108,"loc":{"start":{"line":108,"column":12},"end":{"line":108,"column":67}},"locations":[{"start":{"line":108,"column":12},"end":{"line":108,"column":67}}]},"20":{"type":"branch","line":108,"loc":{"start":{"line":108,"column":35},"end":{"line":108,"column":66}},"locations":[{"start":{"line":108,"column":35},"end":{"line":108,"column":66}}]}},"b":{"0":[4],"1":[1],"2":[3],"3":[2],"4":[4],"5":[17],"6":[16],"7":[6],"8":[10],"9":[1],"10":[2],"11":[1],"12":[1],"13":[1],"14":[1],"15":[5],"16":[3],"17":[5],"18":[2],"19":[3],"20":[1]},"fnMap":{"0":{"name":"prepare","decl":{"start":{"line":50,"column":15},"end":{"line":52,"column":8}},"loc":{"start":{"line":50,"column":15},"end":{"line":52,"column":8}},"line":50},"1":{"name":"reducer","decl":{"start":{"line":53,"column":15},"end":{"line":62,"column":7}},"loc":{"start":{"line":53,"column":15},"end":{"line":62,"column":7}},"line":53},"2":{"name":"removeIngredient","decl":{"start":{"line":64,"column":22},"end":{"line":66,"column":5}},"loc":{"start":{"line":64,"column":22},"end":{"line":66,"column":5}},"line":64},"3":{"name":"moveIngredient","decl":{"start":{"line":67,"column":20},"end":{"line":77,"column":5}},"loc":{"start":{"line":67,"column":20},"end":{"line":77,"column":5}},"line":67},"4":{"name":"clearConstructor","decl":{"start":{"line":78,"column":22},"end":{"line":83,"column":5}},"loc":{"start":{"line":78,"column":22},"end":{"line":83,"column":5}},"line":78},"5":{"name":"clearOrderModal","decl":{"start":{"line":84,"column":21},"end":{"line":87,"column":5}},"loc":{"start":{"line":84,"column":21},"end":{"line":87,"column":5}},"line":84},"6":{"name":"extraReducers","decl":{"start":{"line":89,"column":17},"end":{"line":110,"column":3}},"loc":{"start":{"line":89,"column":17},"end":{"line":110,"column":3}},"line":89}},"f":{"0":17,"1":16,"2":1,"3":2,"4":1,"5":1,"6":1}}
,"C:\\Users\\user\\Desktop\\YaPracHW\\dev\\stellar-burgers\\src\\services\\slices\\feedSlice.ts": {"path":"C:\\Users\\user\\Desktop\\YaPracHW\\dev\\stellar-burgers\\src\\services\\slices\\feedSlice.ts","all":true,"statementMap":{"0":{"start":{"line":1,"column":0},"end":{"line":1,"column":35}},"1":{"start":{"line":2,"column":0},"end":{"line":2,"column":85}},"2":{"start":{"line":3,"column":0},"end":{"line":3,"column":0}},"3":{"start":{"line":4,"column":0},"end":{"line":4,"column":56}},"4":{"start":{"line":5,"column":0},"end":{"line":5,"column":0}},"5":{"start":{"line":6,"column":0},"end":{"line":6,"column":75}},"6":{"start":{"line":7,"column":0},"end":{"line":7,"column":0}},"7":{"start":{"line":8,"column":0},"end":{"line":8,"column":24}},"8":{"start":{"line":9,"column":0},"end":{"line":9,"column":19}},"9":{"start":{"line":10,"column":0},"end":{"line":10,"column":16}},"10":{"start":{"line":11,"column":0},"end":{"line":11,"column":21}},"11":{"start":{"line":12,"column":0},"end":{"line":12,"column":19}},"12":{"start":{"line":13,"column":0},"end":{"line":13,"column":23}},"13":{"start":{"line":14,"column":0},"end":{"line":14,"column":2}},"14":{"start":{"line":15,"column":0},"end":{"line":15,"column":0}},"15":{"start":{"line":16,"column":0},"end":{"line":16,"column":39}},"16":{"start":{"line":17,"column":0},"end":{"line":17,"column":13}},"17":{"start":{"line":18,"column":0},"end":{"line":18,"column":11}},"18":{"start":{"line":19,"column":0},"end":{"line":19,"column":16}},"19":{"start":{"line":20,"column":0},"end":{"line":20,"column":17}},"20":{"start":{"line":21,"column":0},"end":{"line":21,"column":14}},"21":{"start":{"line":22,"column":0},"end":{"line":22,"column":2}},"22":{"start":{"line":23,"column":0},"end":{"line":23,"column":0}},"23":{"start":{"line":24,"column":0},"end":{"line":24,"column":38}},"24":{"start":{"line":25,"column":0},"end":{"line":25,"column":15}},"25":{"start":{"line":26,"column":0},"end":{"line":26,"column":15}},"26":{"start":{"line":27,"column":0},"end":{"line":27,"column":13}},"27":{"start":{"line":28,"column":0},"end":{"line":28,"column":65}},"28":{"start":{"line":29,"column":0},"end":{"line":29,"column":43}},"29":{"start":{"line":30,"column":0},"end":{"line":30,"column":41}},"30":{"start":{"line":31,"column":0},"end":{"line":31,"column":51}},"31":{"start":{"line":32,"column":0},"end":{"line":32,"column":6}},"32":{"start":{"line":33,"column":0},"end":{"line":33,"column":4}},"33":{"start":{"line":34,"column":0},"end":{"line":34,"column":31}},"34":{"start":{"line":35,"column":0},"end":{"line":35,"column":11}},"35":{"start":{"line":36,"column":0},"end":{"line":36,"column":47}},"36":{"start":{"line":37,"column":0},"end":{"line":37,"column":29}},"37":{"start":{"line":38,"column":0},"end":{"line":38,"column":27}},"38":{"start":{"line":39,"column":0},"end":{"line":39,"column":8}},"39":{"start":{"line":40,"column":0},"end":{"line":40,"column":57}},"40":{"start":{"line":41,"column":0},"end":{"line":41,"column":30}},"41":{"start":{"line":42,"column":0},"end":{"line":42,"column":45}},"42":{"start":{"line":43,"column":0},"end":{"line":43,"column":43}},"43":{"start":{"line":44,"column":0},"end":{"line":44,"column":53}},"44":{"start":{"line":45,"column":0},"end":{"line":45,"column":8}},"45":{"start":{"line":46,"column":0},"end":{"line":46,"column":56}},"46":{"start":{"line":47,"column":0},"end":{"line":47,"column":30}},"47":{"start":{"line":48,"column":0},"end":{"line":48,"column":83}},"48":{"start":{"line":49,"column":0},"end":{"line":49,"column":9}},"49":{"start":{"line":50,"column":0},"end":{"line":50,"column":4}},"50":{"start":{"line":51,"column":0},"end":{"line":51,"column":3}},"51":{"start":{"line":52,"column":0},"end":{"line":52,"column":0}},"52":{"start":{"line":53,"column":0},"end":{"line":53,"column":49}},"53":{"start":{"line":54,"column":0},"end":{"line":54,"column":45}}},"s":{"0":0,"1":0,"2":0,"3":0,"4":0,"5":0,"6":0,"7":0,"8":0,"9":0,"10":0,"11":0,"12":0,"13":0,"14":0,"15":0,"16":0,"17":0,"18":0,"19":0,"20":0,"21":0,"22":0,"23":0,"24":0,"25":0,"26":0,"27":0,"28":0,"29":0,"30":0,"31":0,"32":0,"33":0,"34":0,"35":0,"36":0,"37":0,"38":0,"39":0,"40":0,"41":0,"42":0,"43":0,"44":0,"45":0,"46":0,"47":0,"48":0,"49":0,"50":0,"51":0,"52":0,"53":0},"branchMap":{"0":{"type":"branch","line":1,"loc":{"start":{"line":1,"column":0},"end":{"line":54,"column":45}},"locations":[{"start":{"line":1,"column":0},"end":{"line":54,"column":45}}]}},"b":{"0":[0]},"fnMap":{"0":{"name":"(empty-report)","decl":{"start":{"line":1,"column":0},"end":{"line":54,"column":45}},"loc":{"start":{"line":1,"column":0},"end":{"line":54,"column":45}},"line":1}},"f":{"0":0}}
,"C:\\Users\\user\\Desktop\\YaPracHW\\dev\\stellar-burgers\\src\\services\\slices\\index.ts": {"path":"C:\\Users\\user\\Desktop\\YaPracHW\\dev\\stellar-burgers\\src\\services\\slices\\index.ts","all":true,"statementMap":{"0":{"start":{"line":1,"column":0},"end":{"line":1,"column":35}},"1":{"start":{"line":2,"column":0},"end":{"line":2,"column":28}},"2":{"start":{"line":3,"column":0},"end":{"line":3,"column":35}},"3":{"start":{"line":4,"column":0},"end":{"line":4,"column":30}},"4":{"start":{"line":5,"column":0},"end":{"line":5,"column":28}}},"s":{"0":0,"1":0,"2":0,"3":0,"4":0},"branchMap":{"0":{"type":"branch","line":1,"loc":{"start":{"line":1,"column":0},"end":{"line":5,"column":28}},"locations":[{"start":{"line":1,"column":0},"end":{"line":5,"column":28}}]}},"b":{"0":[0]},"fnMap":{"0":{"name":"(empty-report)","decl":{"start":{"line":1,"column":0},"end":{"line":5,"column":28}},"loc":{"start":{"line":1,"column":0},"end":{"line":5,"column":28}},"line":1}},"f":{"0":0}}
,"C:\\Users\\user\\Desktop\\YaPracHW\\dev\\stellar-burgers\\src\\services\\slices\\ingredientsSlice.ts": {"path":"C:\\Users\\user\\Desktop\\YaPracHW\\dev\\stellar-burgers\\src\\services\\slices\\ingredientsSlice.ts","all":false,"statementMap":{"0":{"start":{"line":1,"column":0},"end":{"line":1,"column":41}},"1":{"start":{"line":2,"column":0},"end":{"line":2,"column":65}},"2":{"start":{"line":3,"column":0},"end":{"line":3,"column":0}},"3":{"start":{"line":4,"column":0},"end":{"line":4,"column":48}},"4":{"start":{"line":5,"column":0},"end":{"line":5,"column":0}},"5":{"start":{"line":6,"column":0},"end":{"line":6,"column":49}},"6":{"start":{"line":7,"column":0},"end":{"line":7,"column":33}},"7":{"start":{"line":8,"column":0},"end":{"line":8,"column":19}},"8":{"start":{"line":9,"column":0},"end":{"line":9,"column":2}},"9":{"start":{"line":10,"column":0},"end":{"line":10,"column":0}},"10":{"start":{"line":11,"column":0},"end":{"line":11,"column":26}},"11":{"start":{"line":12,"column":0},"end":{"line":12,"column":23}},"12":{"start":{"line":13,"column":0},"end":{"line":13,"column":19}},"13":{"start":{"line":14,"column":0},"end":{"line":14,"column":23}},"14":{"start":{"line":15,"column":0},"end":{"line":15,"column":2}},"15":{"start":{"line":16,"column":0},"end":{"line":16,"column":0}},"16":{"start":{"line":17,"column":0},"end":{"line":17,"column":41}},"17":{"start":{"line":18,"column":0},"end":{"line":18,"column":12}},"18":{"start":{"line":19,"column":0},"end":{"line":19,"column":16}},"19":{"start":{"line":20,"column":0},"end":{"line":20,"column":14}},"20":{"start":{"line":21,"column":0},"end":{"line":21,"column":2}},"21":{"start":{"line":22,"column":0},"end":{"line":22,"column":0}},"22":{"start":{"line":23,"column":0},"end":{"line":23,"column":45}},"23":{"start":{"line":24,"column":0},"end":{"line":24,"column":22}},"24":{"start":{"line":25,"column":0},"end":{"line":25,"column":15}},"25":{"start":{"line":26,"column":0},"end":{"line":26,"column":15}},"26":{"start":{"line":27,"column":0},"end":{"line":27,"column":31}},"27":{"start":{"line":28,"column":0},"end":{"line":28,"column":11}},"28":{"start":{"line":29,"column":0},"end":{"line":29,"column":53}},"29":{"start":{"line":30,"column":0},"end":{"line":30,"column":29}},"30":{"start":{"line":31,"column":0},"end":{"line":31,"column":27}},"31":{"start":{"line":32,"column":0},"end":{"line":32,"column":8}},"32":{"start":{"line":33,"column":0},"end":{"line":33,"column":63}},"33":{"start":{"line":34,"column":0},"end":{"line":34,"column":30}},"34":{"start":{"line":35,"column":0},"end":{"line":35,"column":37}},"35":{"start":{"line":36,"column":0},"end":{"line":36,"column":8}},"36":{"start":{"line":37,"column":0},"end":{"line":37,"column":62}},"37":{"start":{"line":38,"column":0},"end":{"line":38,"column":30}},"38":{"start":{"line":39,"column":0},"end":{"line":39,"column":81}},"39":{"start":{"line":40,"column":0},"end":{"line":40,"column":9}},"40":{"start":{"line":41,"column":0},"end":{"line":41,"column":4}},"41":{"start":{"line":42,"column":0},"end":{"line":42,"column":3}},"42":{"start":{"line":43,"column":0},"end":{"line":43,"column":0}},"43":{"start":{"line":44,"column":0},"end":{"line":44,"column":59}}},"s":{"0":1,"1":1,"2":1,"3":1,"4":1,"5":1,"6":1,"7":1,"8":1,"9":1,"10":1,"11":1,"12":1,"13":1,"14":1,"15":1,"16":1,"17":1,"18":1,"19":1,"20":1,"21":1,"22":1,"23":1,"24":1,"25":1,"26":1,"27":1,"28":1,"29":1,"30":1,"31":1,"32":1,"33":3,"34":3,"35":1,"36":1,"37":2,"38":2,"39":1,"40":1,"41":1,"42":1,"43":1},"branchMap":{"0":{"type":"branch","line":27,"loc":{"start":{"line":27,"column":17},"end":{"line":41,"column":3}},"locations":[{"start":{"line":27,"column":17},"end":{"line":41,"column":3}}]},"1":{"type":"branch","line":29,"loc":{"start":{"line":29,"column":41},"end":{"line":32,"column":7}},"locations":[{"start":{"line":29,"column":41},"end":{"line":32,"column":7}}]},"2":{"type":"branch","line":33,"loc":{"start":{"line":33,"column":43},"end":{"line":36,"column":7}},"locations":[{"start":{"line":33,"column":43},"end":{"line":36,"column":7}}]},"3":{"type":"branch","line":37,"loc":{"start":{"line":37,"column":42},"end":{"line":40,"column":7}},"locations":[{"start":{"line":37,"column":42},"end":{"line":40,"column":7}}]},"4":{"type":"branch","line":39,"loc":{"start":{"line":39,"column":42},"end":{"line":39,"column":80}},"locations":[{"start":{"line":39,"column":42},"end":{"line":39,"column":80}}]}},"b":{"0":[1],"1":[1],"2":[3],"3":[2],"4":[1]},"fnMap":{"0":{"name":"extraReducers","decl":{"start":{"line":27,"column":17},"end":{"line":41,"column":3}},"loc":{"start":{"line":27,"column":17},"end":{"line":41,"column":3}},"line":27}},"f":{"0":1}}
,"C:\\Users\\user\\Desktop\\YaPracHW\\dev\\stellar-burgers\\src\\services\\slices\\ordersSlice.ts": {"path":"C:\\Users\\user\\Desktop\\YaPracHW\\dev\\stellar-burgers\\src\\services\\slices\\ordersSlice.ts","all":true,"statementMap":{"0":{"start":{"line":1,"column":0},"end":{"line":1,"column":57}},"1":{"start":{"line":2,"column":0},"end":{"line":2,"column":85}},"2":{"start":{"line":3,"column":0},"end":{"line":3,"column":0}},"3":{"start":{"line":4,"column":0},"end":{"line":4,"column":43}},"4":{"start":{"line":5,"column":0},"end":{"line":5,"column":0}},"5":{"start":{"line":6,"column":0},"end":{"line":6,"column":88}},"6":{"start":{"line":7,"column":0},"end":{"line":7,"column":0}},"7":{"start":{"line":8,"column":0},"end":{"line":8,"column":51}},"8":{"start":{"line":9,"column":0},"end":{"line":9,"column":30}},"9":{"start":{"line":10,"column":0},"end":{"line":10,"column":46}},"10":{"start":{"line":11,"column":0},"end":{"line":11,"column":51}},"11":{"start":{"line":12,"column":0},"end":{"line":12,"column":0}},"12":{"start":{"line":13,"column":0},"end":{"line":13,"column":47}},"13":{"start":{"line":14,"column":0},"end":{"line":14,"column":58}},"14":{"start":{"line":15,"column":0},"end":{"line":15,"column":5}},"15":{"start":{"line":16,"column":0},"end":{"line":16,"column":0}},"16":{"start":{"line":17,"column":0},"end":{"line":17,"column":26}},"17":{"start":{"line":18,"column":0},"end":{"line":18,"column":3}},"18":{"start":{"line":19,"column":0},"end":{"line":19,"column":2}},"19":{"start":{"line":20,"column":0},"end":{"line":20,"column":0}},"20":{"start":{"line":21,"column":0},"end":{"line":21,"column":21}},"21":{"start":{"line":22,"column":0},"end":{"line":22,"column":23}},"22":{"start":{"line":23,"column":0},"end":{"line":23,"column":30}},"23":{"start":{"line":24,"column":0},"end":{"line":24,"column":19}},"24":{"start":{"line":25,"column":0},"end":{"line":25,"column":31}},"25":{"start":{"line":26,"column":0},"end":{"line":26,"column":23}},"26":{"start":{"line":27,"column":0},"end":{"line":27,"column":2}},"27":{"start":{"line":28,"column":0},"end":{"line":28,"column":0}},"28":{"start":{"line":29,"column":0},"end":{"line":29,"column":36}},"29":{"start":{"line":30,"column":0},"end":{"line":30,"column":17}},"30":{"start":{"line":31,"column":0},"end":{"line":31,"column":21}},"31":{"start":{"line":32,"column":0},"end":{"line":32,"column":17}},"32":{"start":{"line":33,"column":0},"end":{"line":33,"column":29}},"33":{"start":{"line":34,"column":0},"end":{"line":34,"column":14}},"34":{"start":{"line":35,"column":0},"end":{"line":35,"column":2}},"35":{"start":{"line":36,"column":0},"end":{"line":36,"column":0}},"36":{"start":{"line":37,"column":0},"end":{"line":37,"column":40}},"37":{"start":{"line":38,"column":0},"end":{"line":38,"column":17}},"38":{"start":{"line":39,"column":0},"end":{"line":39,"column":15}},"39":{"start":{"line":40,"column":0},"end":{"line":40,"column":13}},"40":{"start":{"line":41,"column":0},"end":{"line":41,"column":35}},"41":{"start":{"line":42,"column":0},"end":{"line":42,"column":32}},"42":{"start":{"line":43,"column":0},"end":{"line":43,"column":6}},"43":{"start":{"line":44,"column":0},"end":{"line":44,"column":64}},"44":{"start":{"line":45,"column":0},"end":{"line":45,"column":40}},"45":{"start":{"line":46,"column":0},"end":{"line":46,"column":6}},"46":{"start":{"line":47,"column":0},"end":{"line":47,"column":4}},"47":{"start":{"line":48,"column":0},"end":{"line":48,"column":31}},"48":{"start":{"line":49,"column":0},"end":{"line":49,"column":11}},"49":{"start":{"line":50,"column":0},"end":{"line":50,"column":52}},"50":{"start":{"line":51,"column":0},"end":{"line":51,"column":29}},"51":{"start":{"line":52,"column":0},"end":{"line":52,"column":27}},"52":{"start":{"line":53,"column":0},"end":{"line":53,"column":8}},"53":{"start":{"line":54,"column":0},"end":{"line":54,"column":62}},"54":{"start":{"line":55,"column":0},"end":{"line":55,"column":30}},"55":{"start":{"line":56,"column":0},"end":{"line":56,"column":42}},"56":{"start":{"line":57,"column":0},"end":{"line":57,"column":8}},"57":{"start":{"line":58,"column":0},"end":{"line":58,"column":61}},"58":{"start":{"line":59,"column":0},"end":{"line":59,"column":30}},"59":{"start":{"line":60,"column":0},"end":{"line":60,"column":76}},"60":{"start":{"line":61,"column":0},"end":{"line":61,"column":8}},"61":{"start":{"line":62,"column":0},"end":{"line":62,"column":55}},"62":{"start":{"line":63,"column":0},"end":{"line":63,"column":41}},"63":{"start":{"line":64,"column":0},"end":{"line":64,"column":27}},"64":{"start":{"line":65,"column":0},"end":{"line":65,"column":8}},"65":{"start":{"line":66,"column":0},"end":{"line":66,"column":65}},"66":{"start":{"line":67,"column":0},"end":{"line":67,"column":42}},"67":{"start":{"line":68,"column":0},"end":{"line":68,"column":44}},"68":{"start":{"line":69,"column":0},"end":{"line":69,"column":8}},"69":{"start":{"line":70,"column":0},"end":{"line":70,"column":64}},"70":{"start":{"line":71,"column":0},"end":{"line":71,"column":42}},"71":{"start":{"line":72,"column":0},"end":{"line":72,"column":34}},"72":{"start":{"line":73,"column":0},"end":{"line":73,"column":75}},"73":{"start":{"line":74,"column":0},"end":{"line":74,"column":9}},"74":{"start":{"line":75,"column":0},"end":{"line":75,"column":4}},"75":{"start":{"line":76,"column":0},"end":{"line":76,"column":3}},"76":{"start":{"line":77,"column":0},"end":{"line":77,"column":0}},"77":{"start":{"line":78,"column":0},"end":{"line":78,"column":72}},"78":{"start":{"line":79,"column":0},"end":{"line":79,"column":49}}},"s":{"0":0,"1":0,"2":0,"3":0,"4":0,"5":0,"6":0,"7":0,"8":0,"9":0,"10":0,"11":0,"12":0,"13":0,"14":0,"15":0,"16":0,"17":0,"18":0,"19":0,"20":0,"21":0,"22":0,"23":0,"24":0,"25":0,"26":0,"27":0,"28":0,"29":0,"30":0,"31":0,"32":0,"33":0,"34":0,"35":0,"36":0,"37":0,"38":0,"39":0,"40":0,"41":0,"42":0,"43":0,"44":0,"45":0,"46":0,"47":0,"48":0,"49":0,"50":0,"51":0,"52":0,"53":0,"54":0,"55":0,"56":0,"57":0,"58":0,"59":0,"60":0,"61":0,"62":0,"63":0,"64":0,"65":0,"66":0,"67":0,"68":0,"69":0,"70":0,"71":0,"72":0,"73":0,"74":0,"75":0,"76":0,"77":0,"78":0},"branchMap":{"0":{"type":"branch","line":1,"loc":{"start":{"line":1,"column":0},"end":{"line":79,"column":49}},"locations":[{"start":{"line":1,"column":0},"end":{"line":79,"column":49}}]}},"b":{"0":[0]},"fnMap":{"0":{"name":"(empty-report)","decl":{"start":{"line":1,"column":0},"end":{"line":79,"column":49}},"loc":{"start":{"line":1,"column":0},"end":{"line":79,"column":49}},"line":1}},"f":{"0":0}}
,"C:\\Users\\user\\Desktop\\YaPracHW\\dev\\stellar-burgers\\src\\services\\slices\\userSlice.ts": {"path":"C:\\Users\\user\\Desktop\\YaPracHW\\dev\\stellar-burgers\\src\\services\\slices\\userSlice.ts","all":true,"statementMap":{"0":{"start":{"line":1,"column":0},"end":{"line":1,"column":8}},"1":{"start":{"line":2,"column":0},"end":{"line":2,"column":13}},"2":{"start":{"line":3,"column":0},"end":{"line":3,"column":15}},"3":{"start":{"line":4,"column":0},"end":{"line":4,"column":12}},"4":{"start":{"line":5,"column":0},"end":{"line":5,"column":15}},"5":{"start":{"line":6,"column":0},"end":{"line":6,"column":18}},"6":{"start":{"line":7,"column":0},"end":{"line":7,"column":16}},"7":{"start":{"line":8,"column":0},"end":{"line":8,"column":18}},"8":{"start":{"line":9,"column":0},"end":{"line":9,"column":21}},"9":{"start":{"line":10,"column":0},"end":{"line":10,"column":14}},"10":{"start":{"line":11,"column":0},"end":{"line":11,"column":65}},"11":{"start":{"line":12,"column":0},"end":{"line":12,"column":0}},"12":{"start":{"line":13,"column":0},"end":{"line":13,"column":56}},"13":{"start":{"line":14,"column":0},"end":{"line":14,"column":0}},"14":{"start":{"line":15,"column":0},"end":{"line":15,"column":42}},"15":{"start":{"line":16,"column":0},"end":{"line":16,"column":0}},"16":{"start":{"line":17,"column":0},"end":{"line":17,"column":39}},"17":{"start":{"line":18,"column":0},"end":{"line":18,"column":42}},"18":{"start":{"line":19,"column":0},"end":{"line":19,"column":30}},"19":{"start":{"line":20,"column":0},"end":{"line":20,"column":2}},"20":{"start":{"line":21,"column":0},"end":{"line":21,"column":0}},"21":{"start":{"line":22,"column":0},"end":{"line":22,"column":46}},"22":{"start":{"line":23,"column":0},"end":{"line":23,"column":23}},"23":{"start":{"line":24,"column":0},"end":{"line":24,"column":31}},"24":{"start":{"line":25,"column":0},"end":{"line":25,"column":9}},"25":{"start":{"line":26,"column":0},"end":{"line":26,"column":38}},"26":{"start":{"line":27,"column":0},"end":{"line":27,"column":0}},"27":{"start":{"line":28,"column":0},"end":{"line":28,"column":26}},"28":{"start":{"line":29,"column":0},"end":{"line":29,"column":67}},"29":{"start":{"line":30,"column":0},"end":{"line":30,"column":7}},"30":{"start":{"line":31,"column":0},"end":{"line":31,"column":0}},"31":{"start":{"line":32,"column":0},"end":{"line":32,"column":23}},"32":{"start":{"line":33,"column":0},"end":{"line":33,"column":26}},"33":{"start":{"line":34,"column":0},"end":{"line":34,"column":11}},"34":{"start":{"line":35,"column":0},"end":{"line":35,"column":29}},"35":{"start":{"line":36,"column":0},"end":{"line":36,"column":0}},"36":{"start":{"line":37,"column":0},"end":{"line":37,"column":41}},"37":{"start":{"line":38,"column":0},"end":{"line":38,"column":0}},"38":{"start":{"line":39,"column":0},"end":{"line":39,"column":29}},"39":{"start":{"line":40,"column":0},"end":{"line":40,"column":69}},"40":{"start":{"line":41,"column":0},"end":{"line":41,"column":9}},"41":{"start":{"line":42,"column":0},"end":{"line":42,"column":0}},"42":{"start":{"line":43,"column":0},"end":{"line":43,"column":26}},"43":{"start":{"line":44,"column":0},"end":{"line":44,"column":15}},"44":{"start":{"line":45,"column":0},"end":{"line":45,"column":28}},"45":{"start":{"line":46,"column":0},"end":{"line":46,"column":41}},"46":{"start":{"line":47,"column":0},"end":{"line":47,"column":22}},"47":{"start":{"line":48,"column":0},"end":{"line":48,"column":58}},"48":{"start":{"line":49,"column":0},"end":{"line":49,"column":7}},"49":{"start":{"line":50,"column":0},"end":{"line":50,"column":5}},"50":{"start":{"line":51,"column":0},"end":{"line":51,"column":3}},"51":{"start":{"line":52,"column":0},"end":{"line":52,"column":2}},"52":{"start":{"line":53,"column":0},"end":{"line":53,"column":0}},"53":{"start":{"line":54,"column":0},"end":{"line":54,"column":42}},"54":{"start":{"line":55,"column":0},"end":{"line":55,"column":15}},"55":{"start":{"line":56,"column":0},"end":{"line":56,"column":54}},"56":{"start":{"line":57,"column":0},"end":{"line":57,"column":49}},"57":{"start":{"line":58,"column":0},"end":{"line":58,"column":0}},"58":{"start":{"line":59,"column":0},"end":{"line":59,"column":60}},"59":{"start":{"line":60,"column":0},"end":{"line":60,"column":47}},"60":{"start":{"line":61,"column":0},"end":{"line":61,"column":0}},"61":{"start":{"line":62,"column":0},"end":{"line":62,"column":21}},"62":{"start":{"line":63,"column":0},"end":{"line":63,"column":3}},"63":{"start":{"line":64,"column":0},"end":{"line":64,"column":2}},"64":{"start":{"line":65,"column":0},"end":{"line":65,"column":0}},"65":{"start":{"line":66,"column":0},"end":{"line":66,"column":45}},"66":{"start":{"line":67,"column":0},"end":{"line":67,"column":18}},"67":{"start":{"line":68,"column":0},"end":{"line":68,"column":54}},"68":{"start":{"line":69,"column":0},"end":{"line":69,"column":49}},"69":{"start":{"line":70,"column":0},"end":{"line":70,"column":0}},"70":{"start":{"line":71,"column":0},"end":{"line":71,"column":60}},"71":{"start":{"line":72,"column":0},"end":{"line":72,"column":47}},"72":{"start":{"line":73,"column":0},"end":{"line":73,"column":0}},"73":{"start":{"line":74,"column":0},"end":{"line":74,"column":21}},"74":{"start":{"line":75,"column":0},"end":{"line":75,"column":3}},"75":{"start":{"line":76,"column":0},"end":{"line":76,"column":2}},"76":{"start":{"line":77,"column":0},"end":{"line":77,"column":0}},"77":{"start":{"line":78,"column":0},"end":{"line":78,"column":86}},"78":{"start":{"line":79,"column":0},"end":{"line":79,"column":7}},"79":{"start":{"line":80,"column":0},"end":{"line":80,"column":22}},"80":{"start":{"line":81,"column":0},"end":{"line":81,"column":13}},"81":{"start":{"line":82,"column":0},"end":{"line":82,"column":24}},"82":{"start":{"line":83,"column":0},"end":{"line":83,"column":3}},"83":{"start":{"line":84,"column":0},"end":{"line":84,"column":3}},"84":{"start":{"line":85,"column":0},"end":{"line":85,"column":0}},"85":{"start":{"line":86,"column":0},"end":{"line":86,"column":43}},"86":{"start":{"line":87,"column":0},"end":{"line":87,"column":16}},"87":{"start":{"line":88,"column":0},"end":{"line":88,"column":63}},"88":{"start":{"line":89,"column":0},"end":{"line":89,"column":47}},"89":{"start":{"line":90,"column":0},"end":{"line":90,"column":0}},"90":{"start":{"line":91,"column":0},"end":{"line":91,"column":24}},"91":{"start":{"line":92,"column":0},"end":{"line":92,"column":82}},"92":{"start":{"line":93,"column":0},"end":{"line":93,"column":5}},"93":{"start":{"line":94,"column":0},"end":{"line":94,"column":0}},"94":{"start":{"line":95,"column":0},"end":{"line":95,"column":21}},"95":{"start":{"line":96,"column":0},"end":{"line":96,"column":3}},"96":{"start":{"line":97,"column":0},"end":{"line":97,"column":2}},"97":{"start":{"line":98,"column":0},"end":{"line":98,"column":0}},"98":{"start":{"line":99,"column":0},"end":{"line":99,"column":19}},"99":{"start":{"line":100,"column":0},"end":{"line":100,"column":21}},"100":{"start":{"line":101,"column":0},"end":{"line":101,"column":25}},"101":{"start":{"line":102,"column":0},"end":{"line":102,"column":19}},"102":{"start":{"line":103,"column":0},"end":{"line":103,"column":23}},"103":{"start":{"line":104,"column":0},"end":{"line":104,"column":33}},"104":{"start":{"line":105,"column":0},"end":{"line":105,"column":2}},"105":{"start":{"line":106,"column":0},"end":{"line":106,"column":0}},"106":{"start":{"line":107,"column":0},"end":{"line":107,"column":34}},"107":{"start":{"line":108,"column":0},"end":{"line":108,"column":13}},"108":{"start":{"line":109,"column":0},"end":{"line":109,"column":23}},"109":{"start":{"line":110,"column":0},"end":{"line":110,"column":17}},"110":{"start":{"line":111,"column":0},"end":{"line":111,"column":14}},"111":{"start":{"line":112,"column":0},"end":{"line":112,"column":24}},"112":{"start":{"line":113,"column":0},"end":{"line":113,"column":2}},"113":{"start":{"line":114,"column":0},"end":{"line":114,"column":0}},"114":{"start":{"line":115,"column":0},"end":{"line":115,"column":38}},"115":{"start":{"line":116,"column":0},"end":{"line":116,"column":15}},"116":{"start":{"line":117,"column":0},"end":{"line":117,"column":15}},"117":{"start":{"line":118,"column":0},"end":{"line":118,"column":13}},"118":{"start":{"line":119,"column":0},"end":{"line":119,"column":32}},"119":{"start":{"line":120,"column":0},"end":{"line":120,"column":25}},"120":{"start":{"line":121,"column":0},"end":{"line":121,"column":35}},"121":{"start":{"line":122,"column":0},"end":{"line":122,"column":6}},"122":{"start":{"line":123,"column":0},"end":{"line":123,"column":4}},"123":{"start":{"line":124,"column":0},"end":{"line":124,"column":31}},"124":{"start":{"line":125,"column":0},"end":{"line":125,"column":11}},"125":{"start":{"line":126,"column":0},"end":{"line":126,"column":50}},"126":{"start":{"line":127,"column":0},"end":{"line":127,"column":29}},"127":{"start":{"line":128,"column":0},"end":{"line":128,"column":27}},"128":{"start":{"line":129,"column":0},"end":{"line":129,"column":8}},"129":{"start":{"line":130,"column":0},"end":{"line":130,"column":60}},"130":{"start":{"line":131,"column":0},"end":{"line":131,"column":30}},"131":{"start":{"line":132,"column":0},"end":{"line":132,"column":35}},"132":{"start":{"line":133,"column":0},"end":{"line":133,"column":36}},"133":{"start":{"line":134,"column":0},"end":{"line":134,"column":8}},"134":{"start":{"line":135,"column":0},"end":{"line":135,"column":51}},"135":{"start":{"line":136,"column":0},"end":{"line":136,"column":30}},"136":{"start":{"line":137,"column":0},"end":{"line":137,"column":35}},"137":{"start":{"line":138,"column":0},"end":{"line":138,"column":26}},"138":{"start":{"line":139,"column":0},"end":{"line":139,"column":8}},"139":{"start":{"line":140,"column":0},"end":{"line":140,"column":46}},"140":{"start":{"line":141,"column":0},"end":{"line":141,"column":29}},"141":{"start":{"line":142,"column":0},"end":{"line":142,"column":27}},"142":{"start":{"line":143,"column":0},"end":{"line":143,"column":8}},"143":{"start":{"line":144,"column":0},"end":{"line":144,"column":56}},"144":{"start":{"line":145,"column":0},"end":{"line":145,"column":30}},"145":{"start":{"line":146,"column":0},"end":{"line":146,"column":36}},"146":{"start":{"line":147,"column":0},"end":{"line":147,"column":35}},"147":{"start":{"line":148,"column":0},"end":{"line":148,"column":8}},"148":{"start":{"line":149,"column":0},"end":{"line":149,"column":55}},"149":{"start":{"line":150,"column":0},"end":{"line":150,"column":30}},"150":{"start":{"line":151,"column":0},"end":{"line":151,"column":61}},"151":{"start":{"line":152,"column":0},"end":{"line":152,"column":8}},"152":{"start":{"line":153,"column":0},"end":{"line":153,"column":49}},"153":{"start":{"line":154,"column":0},"end":{"line":154,"column":29}},"154":{"start":{"line":155,"column":0},"end":{"line":155,"column":27}},"155":{"start":{"line":156,"column":0},"end":{"line":156,"column":8}},"156":{"start":{"line":157,"column":0},"end":{"line":157,"column":59}},"157":{"start":{"line":158,"column":0},"end":{"line":158,"column":30}},"158":{"start":{"line":159,"column":0},"end":{"line":159,"column":36}},"159":{"start":{"line":160,"column":0},"end":{"line":160,"column":35}},"160":{"start":{"line":161,"column":0},"end":{"line":161,"column":8}},"161":{"start":{"line":162,"column":0},"end":{"line":162,"column":58}},"162":{"start":{"line":163,"column":0},"end":{"line":163,"column":30}},"163":{"start":{"line":164,"column":0},"end":{"line":164,"column":67}},"164":{"start":{"line":165,"column":0},"end":{"line":165,"column":8}},"165":{"start":{"line":166,"column":0},"end":{"line":166,"column":47}},"166":{"start":{"line":167,"column":0},"end":{"line":167,"column":29}},"167":{"start":{"line":168,"column":0},"end":{"line":168,"column":27}},"168":{"start":{"line":169,"column":0},"end":{"line":169,"column":8}},"169":{"start":{"line":170,"column":0},"end":{"line":170,"column":49}},"170":{"start":{"line":171,"column":0},"end":{"line":171,"column":30}},"171":{"start":{"line":172,"column":0},"end":{"line":172,"column":26}},"172":{"start":{"line":173,"column":0},"end":{"line":173,"column":8}},"173":{"start":{"line":174,"column":0},"end":{"line":174,"column":56}},"174":{"start":{"line":175,"column":0},"end":{"line":175,"column":30}},"175":{"start":{"line":176,"column":0},"end":{"line":176,"column":26}},"176":{"start":{"line":177,"column":0},"end":{"line":177,"column":62}},"177":{"start":{"line":178,"column":0},"end":{"line":178,"column":8}},"178":{"start":{"line":179,"column":0},"end":{"line":179,"column":47}},"179":{"start":{"line":180,"column":0},"end":{"line":180,"column":29}},"180":{"start":{"line":181,"column":0},"end":{"line":181,"column":37}},"181":{"start":{"line":182,"column":0},"end":{"line":182,"column":8}},"182":{"start":{"line":183,"column":0},"end":{"line":183,"column":57}},"183":{"start":{"line":184,"column":0},"end":{"line":184,"column":30}},"184":{"start":{"line":185,"column":0},"end":{"line":185,"column":36}},"185":{"start":{"line":186,"column":0},"end":{"line":186,"column":8}},"186":{"start":{"line":187,"column":0},"end":{"line":187,"column":56}},"187":{"start":{"line":188,"column":0},"end":{"line":188,"column":30}},"188":{"start":{"line":189,"column":0},"end":{"line":189,"column":89}},"189":{"start":{"line":190,"column":0},"end":{"line":190,"column":9}},"190":{"start":{"line":191,"column":0},"end":{"line":191,"column":4}},"191":{"start":{"line":192,"column":0},"end":{"line":192,"column":3}},"192":{"start":{"line":193,"column":0},"end":{"line":193,"column":0}},"193":{"start":{"line":194,"column":0},"end":{"line":194,"column":52}},"194":{"start":{"line":195,"column":0},"end":{"line":195,"column":45}}},"s":{"0":0,"1":0,"2":0,"3":0,"4":0,"5":0,"6":0,"7":0,"8":0,"9":0,"10":0,"11":0,"12":0,"13":0,"14":0,"15":0,"16":0,"17":0,"18":0,"19":0,"20":0,"21":0,"22":0,"23":0,"24":0,"25":0,"26":0,"27":0,"28":0,"29":0,"30":0,"31":0,"32":0,"33":0,"34":0,"35":0,"36":0,"37":0,"38":0,"39":0,"40":0,"41":0,"42":0,"43":0,"44":0,"45":0,"46":0,"47":0,"48":0,"49":0,"50":0,"51":0,"52":0,"53":0,"54":0,"55":0,"56":0,"57":0,"58":0,"59":0,"60":0,"61":0,"62":0,"63":0,"64":0,"65":0,"66":0,"67":0,"68":0,"69":0,"70":0,"71":0,"72":0,"73":0,"74":0,"75":0,"76":0,"77":0,"78":0,"79":0,"80":0,"81":0,"82":0,"83":0,"84":0,"85":0,"86":0,"87":0,"88":0,"89":0,"90":0,"91":0,"92":0,"93":0,"94":0,"95":0,"96":0,"97":0,"98":0,"99":0,"100":0,"101":0,"102":0,"103":0,"104":0,"105":0,"106":0,"107":0,"108":0,"109":0,"110":0,"111":0,"112":0,"113":0,"114":0,"115":0,"116":0,"117":0,"118":0,"119":0,"120":0,"121":0,"122":0,"123":0,"124":0,"125":0,"126":0,"127":0,"128":0,"129":0,"130":0,"131":0,"132":0,"133":0,"134":0,"135":0,"136":0,"137":0,"138":0,"139":0,"140":0,"141":0,"142":0,"143":0,"144":0,"145":0,"146":0,"147":0,"148":0,"149":0,"150":0,"151":0,"152":0,"153":0,"154":0,"155":0,"156":0,"157":0,"158":0,"159":0,"160":0,"161":0,"162":0,"163":0,"164":0,"165":0,"166":0,"167":0,"168":0,"169":0,"170":0,"171":0,"172":0,"173":0,"174":0,"175":0,"176":0,"177":0,"178":0,"179":0,"180":0,"181":0,"182":0,"183":0,"184":0,"185":0,"186":0,"187":0,"188":0,"189":0,"190":0,"191":0,"192":0,"193":0,"194":0},"branchMap":{"0":{"type":"branch","line":1,"loc":{"start":{"line":1,"column":0},"end":{"line":195,"column":45}},"locations":[{"start":{"line":1,"column":0},"end":{"line":195,"column":45}}]}},"b":{"0":[0]},"fnMap":{"0":{"name":"(empty-report)","decl":{"start":{"line":1,"column":0},"end":{"line":195,"column":45}},"loc":{"start":{"line":1,"column":0},"end":{"line":195,"column":45}},"line":1}},"f":{"0":0}}
}
